DEBUG:django.db.backends.schema:CREATE TABLE "django_migrations" ("id" integer NOT NULL PRIMARY KEY AUTOINCREMENT, "app" varchar(255) NOT NULL, "name" varchar(255) NOT NULL, "applied" datetime NOT NULL); (params None)
DEBUG:django.db.backends.schema:CREATE TABLE "django_content_type" ("id" integer NOT NULL PRIMARY KEY AUTOINCREMENT, "name" varchar(100) NOT NULL, "app_label" varchar(100) NOT NULL, "model" varchar(100) NOT NULL); (params None)
DEBUG:django.db.backends.schema:CREATE TABLE "django_content_type__new" ("id" integer NOT NULL PRIMARY KEY AUTOINCREMENT, "name" varchar(100) NOT NULL, "app_label" varchar(100) NOT NULL, "model" varchar(100) NOT NULL, UNIQUE ("app_label", "model")); (params None)
DEBUG:django.db.backends.schema:INSERT INTO "django_content_type__new" ("model", "app_label", "id", "name") SELECT "model", "app_label", "id", "name" FROM "django_content_type"; (params [])
DEBUG:django.db.backends.schema:DROP TABLE "django_content_type"; (params [])
DEBUG:django.db.backends.schema:ALTER TABLE "django_content_type__new" RENAME TO "django_content_type"; (params [])
DEBUG:django.db.backends.schema:CREATE TABLE "auth_permission" ("id" integer NOT NULL PRIMARY KEY AUTOINCREMENT, "name" varchar(50) NOT NULL, "content_type_id" integer NOT NULL REFERENCES "django_content_type" ("id"), "codename" varchar(100) NOT NULL, UNIQUE ("content_type_id", "codename")); (params None)
DEBUG:django.db.backends.schema:CREATE TABLE "auth_group" ("id" integer NOT NULL PRIMARY KEY AUTOINCREMENT, "name" varchar(80) NOT NULL UNIQUE); (params None)
DEBUG:django.db.backends.schema:CREATE TABLE "auth_group_permissions" ("id" integer NOT NULL PRIMARY KEY AUTOINCREMENT, "group_id" integer NOT NULL REFERENCES "auth_group" ("id"), "permission_id" integer NOT NULL REFERENCES "auth_permission" ("id"), UNIQUE ("group_id", "permission_id")); (params None)
DEBUG:django.db.backends.schema:CREATE TABLE "auth_user" ("id" integer NOT NULL PRIMARY KEY AUTOINCREMENT, "password" varchar(128) NOT NULL, "last_login" datetime NOT NULL, "is_superuser" bool NOT NULL, "username" varchar(30) NOT NULL UNIQUE, "first_name" varchar(30) NOT NULL, "last_name" varchar(30) NOT NULL, "email" varchar(75) NOT NULL, "is_staff" bool NOT NULL, "is_active" bool NOT NULL, "date_joined" datetime NOT NULL); (params None)
DEBUG:django.db.backends.schema:CREATE TABLE "auth_user_groups" ("id" integer NOT NULL PRIMARY KEY AUTOINCREMENT, "user_id" integer NOT NULL REFERENCES "auth_user" ("id"), "group_id" integer NOT NULL REFERENCES "auth_group" ("id"), UNIQUE ("user_id", "group_id")); (params None)
DEBUG:django.db.backends.schema:CREATE TABLE "auth_user_user_permissions" ("id" integer NOT NULL PRIMARY KEY AUTOINCREMENT, "user_id" integer NOT NULL REFERENCES "auth_user" ("id"), "permission_id" integer NOT NULL REFERENCES "auth_permission" ("id"), UNIQUE ("user_id", "permission_id")); (params None)
DEBUG:django.db.backends.schema:CREATE INDEX "auth_permission_417f1b1c" ON "auth_permission" ("content_type_id"); (params [])
DEBUG:django.db.backends.schema:CREATE INDEX "auth_group_permissions_0e939a4f" ON "auth_group_permissions" ("group_id"); (params [])
DEBUG:django.db.backends.schema:CREATE INDEX "auth_group_permissions_8373b171" ON "auth_group_permissions" ("permission_id"); (params [])
DEBUG:django.db.backends.schema:CREATE INDEX "auth_user_groups_e8701ad4" ON "auth_user_groups" ("user_id"); (params [])
DEBUG:django.db.backends.schema:CREATE INDEX "auth_user_groups_0e939a4f" ON "auth_user_groups" ("group_id"); (params [])
DEBUG:django.db.backends.schema:CREATE INDEX "auth_user_user_permissions_e8701ad4" ON "auth_user_user_permissions" ("user_id"); (params [])
DEBUG:django.db.backends.schema:CREATE INDEX "auth_user_user_permissions_8373b171" ON "auth_user_user_permissions" ("permission_id"); (params [])
DEBUG:django.db.backends.schema:CREATE TABLE "django_admin_log" ("id" integer NOT NULL PRIMARY KEY AUTOINCREMENT, "action_time" datetime NOT NULL, "object_id" text NULL, "object_repr" varchar(200) NOT NULL, "action_flag" smallint unsigned NOT NULL, "change_message" text NOT NULL, "content_type_id" integer NULL REFERENCES "django_content_type" ("id"), "user_id" integer NOT NULL REFERENCES "auth_user" ("id")); (params None)
DEBUG:django.db.backends.schema:CREATE INDEX "django_admin_log_417f1b1c" ON "django_admin_log" ("content_type_id"); (params [])
DEBUG:django.db.backends.schema:CREATE INDEX "django_admin_log_e8701ad4" ON "django_admin_log" ("user_id"); (params [])
DEBUG:django.db.backends.schema:CREATE TABLE "django_content_type__new" ("id" integer NOT NULL PRIMARY KEY AUTOINCREMENT, "app_label" varchar(100) NOT NULL, "model" varchar(100) NOT NULL, "name" varchar(100) NULL, UNIQUE ("app_label", "model")); (params None)
DEBUG:django.db.backends.schema:INSERT INTO "django_content_type__new" ("model", "app_label", "id", "name") SELECT "model", "app_label", "id", "name" FROM "django_content_type"; (params [])
DEBUG:django.db.backends.schema:DROP TABLE "django_content_type"; (params [])
DEBUG:django.db.backends.schema:ALTER TABLE "django_content_type__new" RENAME TO "django_content_type"; (params [])
DEBUG:django.db.backends.schema:CREATE TABLE "django_content_type__new" ("id" integer NOT NULL PRIMARY KEY AUTOINCREMENT, "app_label" varchar(100) NOT NULL, "model" varchar(100) NOT NULL, UNIQUE ("app_label", "model")); (params None)
DEBUG:django.db.backends.schema:INSERT INTO "django_content_type__new" ("model", "app_label", "id") SELECT "model", "app_label", "id" FROM "django_content_type"; (params [])
DEBUG:django.db.backends.schema:DROP TABLE "django_content_type"; (params [])
DEBUG:django.db.backends.schema:ALTER TABLE "django_content_type__new" RENAME TO "django_content_type"; (params [])
DEBUG:django.db.backends.schema:CREATE TABLE "auth_permission__new" ("id" integer NOT NULL PRIMARY KEY AUTOINCREMENT, "content_type_id" integer NOT NULL REFERENCES "django_content_type" ("id"), "codename" varchar(100) NOT NULL, "name" varchar(255) NOT NULL, UNIQUE ("content_type_id", "codename")); (params None)
DEBUG:django.db.backends.schema:INSERT INTO "auth_permission__new" ("content_type_id", "codename", "id", "name") SELECT "content_type_id", "codename", "id", "name" FROM "auth_permission"; (params [])
DEBUG:django.db.backends.schema:DROP TABLE "auth_permission"; (params [])
DEBUG:django.db.backends.schema:ALTER TABLE "auth_permission__new" RENAME TO "auth_permission"; (params [])
DEBUG:django.db.backends.schema:CREATE INDEX "auth_permission_417f1b1c" ON "auth_permission" ("content_type_id"); (params [])
DEBUG:django.db.backends.schema:CREATE TABLE "auth_user__new" ("id" integer NOT NULL PRIMARY KEY AUTOINCREMENT, "password" varchar(128) NOT NULL, "last_login" datetime NOT NULL, "is_superuser" bool NOT NULL, "username" varchar(30) NOT NULL UNIQUE, "first_name" varchar(30) NOT NULL, "last_name" varchar(30) NOT NULL, "is_staff" bool NOT NULL, "is_active" bool NOT NULL, "date_joined" datetime NOT NULL, "email" varchar(254) NOT NULL); (params None)
DEBUG:django.db.backends.schema:INSERT INTO "auth_user__new" ("username", "first_name", "last_name", "is_active", "email", "is_superuser", "is_staff", "last_login", "password", "id", "date_joined") SELECT "username", "first_name", "last_name", "is_active", "email", "is_superuser", "is_staff", "last_login", "password", "id", "date_joined" FROM "auth_user"; (params [])
DEBUG:django.db.backends.schema:DROP TABLE "auth_user"; (params [])
DEBUG:django.db.backends.schema:ALTER TABLE "auth_user__new" RENAME TO "auth_user"; (params [])
DEBUG:django.db.backends.schema:CREATE TABLE "auth_user__new" ("id" integer NOT NULL PRIMARY KEY AUTOINCREMENT, "password" varchar(128) NOT NULL, "last_login" datetime NOT NULL, "is_superuser" bool NOT NULL, "first_name" varchar(30) NOT NULL, "last_name" varchar(30) NOT NULL, "email" varchar(254) NOT NULL, "is_staff" bool NOT NULL, "is_active" bool NOT NULL, "date_joined" datetime NOT NULL, "username" varchar(30) NOT NULL UNIQUE); (params None)
DEBUG:django.db.backends.schema:INSERT INTO "auth_user__new" ("username", "first_name", "last_name", "is_active", "email", "is_superuser", "is_staff", "last_login", "password", "id", "date_joined") SELECT "username", "first_name", "last_name", "is_active", "email", "is_superuser", "is_staff", "last_login", "password", "id", "date_joined" FROM "auth_user"; (params [])
DEBUG:django.db.backends.schema:DROP TABLE "auth_user"; (params [])
DEBUG:django.db.backends.schema:ALTER TABLE "auth_user__new" RENAME TO "auth_user"; (params [])
DEBUG:django.db.backends.schema:CREATE TABLE "auth_user__new" ("id" integer NOT NULL PRIMARY KEY AUTOINCREMENT, "password" varchar(128) NOT NULL, "is_superuser" bool NOT NULL, "username" varchar(30) NOT NULL UNIQUE, "first_name" varchar(30) NOT NULL, "last_name" varchar(30) NOT NULL, "email" varchar(254) NOT NULL, "is_staff" bool NOT NULL, "is_active" bool NOT NULL, "date_joined" datetime NOT NULL, "last_login" datetime NULL); (params None)
DEBUG:django.db.backends.schema:INSERT INTO "auth_user__new" ("username", "first_name", "last_name", "is_active", "email", "is_superuser", "is_staff", "last_login", "password", "id", "date_joined") SELECT "username", "first_name", "last_name", "is_active", "email", "is_superuser", "is_staff", "last_login", "password", "id", "date_joined" FROM "auth_user"; (params [])
DEBUG:django.db.backends.schema:DROP TABLE "auth_user"; (params [])
DEBUG:django.db.backends.schema:ALTER TABLE "auth_user__new" RENAME TO "auth_user"; (params [])
DEBUG:django.db.backends.schema:CREATE TABLE "lists_item" ("id" integer NOT NULL PRIMARY KEY AUTOINCREMENT); (params None)
DEBUG:django.db.backends.schema:CREATE TABLE "lists_item__new" ("id" integer NOT NULL PRIMARY KEY AUTOINCREMENT, "text" text NOT NULL); (params None)
DEBUG:django.db.backends.schema:INSERT INTO "lists_item__new" ("text", "id") SELECT '', "id" FROM "lists_item"; (params [])
DEBUG:django.db.backends.schema:DROP TABLE "lists_item"; (params [])
DEBUG:django.db.backends.schema:ALTER TABLE "lists_item__new" RENAME TO "lists_item"; (params [])
DEBUG:django.db.backends.schema:CREATE TABLE "lists_list" ("id" integer NOT NULL PRIMARY KEY AUTOINCREMENT); (params None)
DEBUG:django.db.backends.schema:CREATE TABLE "lists_item__new" ("id" integer NOT NULL PRIMARY KEY AUTOINCREMENT, "text" text NOT NULL, "list" text NOT NULL); (params None)
DEBUG:django.db.backends.schema:INSERT INTO "lists_item__new" ("text", "list", "id") SELECT "text", '', "id" FROM "lists_item"; (params [])
DEBUG:django.db.backends.schema:DROP TABLE "lists_item"; (params [])
DEBUG:django.db.backends.schema:ALTER TABLE "lists_item__new" RENAME TO "lists_item"; (params [])
DEBUG:django.db.backends.schema:CREATE TABLE "lists_item__new" ("id" integer NOT NULL PRIMARY KEY AUTOINCREMENT, "text" text NOT NULL, "list_id" integer NOT NULL REFERENCES "lists_list" ("id")); (params None)
DEBUG:django.db.backends.schema:INSERT INTO "lists_item__new" ("text", "id", "list_id") SELECT "text", "id", "list" FROM "lists_item"; (params [])
DEBUG:django.db.backends.schema:DROP TABLE "lists_item"; (params [])
DEBUG:django.db.backends.schema:ALTER TABLE "lists_item__new" RENAME TO "lists_item"; (params [])
DEBUG:django.db.backends.schema:CREATE INDEX "lists_item_4da3e820" ON "lists_item" ("list_id"); (params [])
DEBUG:django.db.backends.schema:CREATE TABLE "django_session" ("session_key" varchar(40) NOT NULL PRIMARY KEY, "session_data" text NOT NULL, "expire_date" datetime NOT NULL); (params None)
DEBUG:django.db.backends.schema:CREATE INDEX "django_session_de54fa62" ON "django_session" ("expire_date"); (params [])
DEBUG:selenium.webdriver.remote.remote_connection:POST http://127.0.0.1:52472/hub/session {"desiredCapabilities": {"platform": "ANY", "browserName": "firefox", "version": "", "javascriptEnabled": true}}
DEBUG:selenium.webdriver.remote.remote_connection:Finished Request
DEBUG:selenium.webdriver.remote.remote_connection:POST http://127.0.0.1:52472/hub/session/5bf17ba7-f7cd-41c9-aaaf-3a70513a7501/timeouts/implicit_wait {"sessionId": "5bf17ba7-f7cd-41c9-aaaf-3a70513a7501", "ms": 2000.0}
DEBUG:selenium.webdriver.remote.remote_connection:Finished Request
DEBUG:selenium.webdriver.remote.remote_connection:POST http://127.0.0.1:52472/hub/session/5bf17ba7-f7cd-41c9-aaaf-3a70513a7501/url {"url": "http://localhost:8080", "sessionId": "5bf17ba7-f7cd-41c9-aaaf-3a70513a7501"}
DEBUG:selenium.webdriver.remote.remote_connection:Finished Request
DEBUG:selenium.webdriver.remote.remote_connection:GET http://127.0.0.1:52472/hub/session/5bf17ba7-f7cd-41c9-aaaf-3a70513a7501/title {"sessionId": "5bf17ba7-f7cd-41c9-aaaf-3a70513a7501"}
DEBUG:selenium.webdriver.remote.remote_connection:Finished Request
DEBUG:selenium.webdriver.remote.remote_connection:POST http://127.0.0.1:52472/hub/session/5bf17ba7-f7cd-41c9-aaaf-3a70513a7501/element {"using": "tag name", "sessionId": "5bf17ba7-f7cd-41c9-aaaf-3a70513a7501", "value": "h1"}
DEBUG:selenium.webdriver.remote.remote_connection:Finished Request
DEBUG:selenium.webdriver.remote.remote_connection:GET http://127.0.0.1:52472/hub/session/5bf17ba7-f7cd-41c9-aaaf-3a70513a7501/element/{fd6ff5e5-043a-4554-bbbb-c10fbde41dea}/text {"sessionId": "5bf17ba7-f7cd-41c9-aaaf-3a70513a7501", "id": "{fd6ff5e5-043a-4554-bbbb-c10fbde41dea}"}
DEBUG:selenium.webdriver.remote.remote_connection:Finished Request
DEBUG:selenium.webdriver.remote.remote_connection:POST http://127.0.0.1:52472/hub/session/5bf17ba7-f7cd-41c9-aaaf-3a70513a7501/element {"using": "id", "sessionId": "5bf17ba7-f7cd-41c9-aaaf-3a70513a7501", "value": "id_new_item"}
DEBUG:selenium.webdriver.remote.remote_connection:Finished Request
DEBUG:selenium.webdriver.remote.remote_connection:GET http://127.0.0.1:52472/hub/session/5bf17ba7-f7cd-41c9-aaaf-3a70513a7501/element/{eed7c67c-16ad-4a6b-977f-9fedbfb7bd4d}/attribute/placeholder {"sessionId": "5bf17ba7-f7cd-41c9-aaaf-3a70513a7501", "name": "placeholder", "id": "{eed7c67c-16ad-4a6b-977f-9fedbfb7bd4d}"}
DEBUG:selenium.webdriver.remote.remote_connection:Finished Request
DEBUG:selenium.webdriver.remote.remote_connection:POST http://127.0.0.1:52472/hub/session/5bf17ba7-f7cd-41c9-aaaf-3a70513a7501/element/{eed7c67c-16ad-4a6b-977f-9fedbfb7bd4d}/value {"sessionId": "5bf17ba7-f7cd-41c9-aaaf-3a70513a7501", "id": "{eed7c67c-16ad-4a6b-977f-9fedbfb7bd4d}", "value": ["B", "u", "y", " ", "p", "e", "a", "c", "o", "c", "k", " ", "f", "e", "a", "t", "h", "e", "r", "s"]}
DEBUG:selenium.webdriver.remote.remote_connection:Finished Request
DEBUG:selenium.webdriver.remote.remote_connection:POST http://127.0.0.1:52472/hub/session/5bf17ba7-f7cd-41c9-aaaf-3a70513a7501/element/{eed7c67c-16ad-4a6b-977f-9fedbfb7bd4d}/value {"sessionId": "5bf17ba7-f7cd-41c9-aaaf-3a70513a7501", "id": "{eed7c67c-16ad-4a6b-977f-9fedbfb7bd4d}", "value": ["\ue006"]}
DEBUG:selenium.webdriver.remote.remote_connection:Finished Request
DEBUG:selenium.webdriver.remote.remote_connection:GET http://127.0.0.1:52472/hub/session/5bf17ba7-f7cd-41c9-aaaf-3a70513a7501/url {"sessionId": "5bf17ba7-f7cd-41c9-aaaf-3a70513a7501"}
DEBUG:selenium.webdriver.remote.remote_connection:Finished Request
DEBUG:selenium.webdriver.remote.remote_connection:POST http://127.0.0.1:52472/hub/session/5bf17ba7-f7cd-41c9-aaaf-3a70513a7501/element {"using": "id", "sessionId": "5bf17ba7-f7cd-41c9-aaaf-3a70513a7501", "value": "id_list_table"}
DEBUG:selenium.webdriver.remote.remote_connection:Finished Request
DEBUG:selenium.webdriver.remote.remote_connection:POST http://127.0.0.1:52472/hub/session/5bf17ba7-f7cd-41c9-aaaf-3a70513a7501/element/{1fd7e8f9-7466-4f48-8adf-2437921d6163}/elements {"using": "tag name", "sessionId": "5bf17ba7-f7cd-41c9-aaaf-3a70513a7501", "id": "{1fd7e8f9-7466-4f48-8adf-2437921d6163}", "value": "tr"}
DEBUG:selenium.webdriver.remote.remote_connection:Finished Request
DEBUG:selenium.webdriver.remote.remote_connection:GET http://127.0.0.1:52472/hub/session/5bf17ba7-f7cd-41c9-aaaf-3a70513a7501/element/{490b66d1-8db1-4c13-ba3c-bee23ad4cc12}/text {"sessionId": "5bf17ba7-f7cd-41c9-aaaf-3a70513a7501", "id": "{490b66d1-8db1-4c13-ba3c-bee23ad4cc12}"}
DEBUG:selenium.webdriver.remote.remote_connection:Finished Request
DEBUG:selenium.webdriver.remote.remote_connection:POST http://127.0.0.1:52472/hub/session/5bf17ba7-f7cd-41c9-aaaf-3a70513a7501/element {"using": "id", "sessionId": "5bf17ba7-f7cd-41c9-aaaf-3a70513a7501", "value": "id_new_item"}
DEBUG:selenium.webdriver.remote.remote_connection:Finished Request
DEBUG:selenium.webdriver.remote.remote_connection:POST http://127.0.0.1:52472/hub/session/5bf17ba7-f7cd-41c9-aaaf-3a70513a7501/element/{8b66df70-6f3f-4d2d-89f8-ce4a135abd29}/value {"sessionId": "5bf17ba7-f7cd-41c9-aaaf-3a70513a7501", "id": "{8b66df70-6f3f-4d2d-89f8-ce4a135abd29}", "value": ["U", "s", "e", " ", "p", "e", "a", "c", "o", "c", "k", " ", "f", "e", "a", "t", "h", "e", "r", "s", " ", "t", "o", " ", "m", "a", "k", "e", " ", "a", " ", "f", "l", "y"]}
DEBUG:selenium.webdriver.remote.remote_connection:Finished Request
DEBUG:selenium.webdriver.remote.remote_connection:POST http://127.0.0.1:52472/hub/session/5bf17ba7-f7cd-41c9-aaaf-3a70513a7501/element/{8b66df70-6f3f-4d2d-89f8-ce4a135abd29}/value {"sessionId": "5bf17ba7-f7cd-41c9-aaaf-3a70513a7501", "id": "{8b66df70-6f3f-4d2d-89f8-ce4a135abd29}", "value": ["\ue006"]}
DEBUG:selenium.webdriver.remote.remote_connection:Finished Request
DEBUG:selenium.webdriver.remote.remote_connection:POST http://127.0.0.1:52472/hub/session/5bf17ba7-f7cd-41c9-aaaf-3a70513a7501/element {"using": "id", "sessionId": "5bf17ba7-f7cd-41c9-aaaf-3a70513a7501", "value": "id_list_table"}
DEBUG:selenium.webdriver.remote.remote_connection:Finished Request
DEBUG:selenium.webdriver.remote.remote_connection:POST http://127.0.0.1:52472/hub/session/5bf17ba7-f7cd-41c9-aaaf-3a70513a7501/element/{4128ad06-2e92-4206-80ee-f1ff32cbc413}/elements {"using": "tag name", "sessionId": "5bf17ba7-f7cd-41c9-aaaf-3a70513a7501", "id": "{4128ad06-2e92-4206-80ee-f1ff32cbc413}", "value": "tr"}
DEBUG:selenium.webdriver.remote.remote_connection:Finished Request
DEBUG:selenium.webdriver.remote.remote_connection:GET http://127.0.0.1:52472/hub/session/5bf17ba7-f7cd-41c9-aaaf-3a70513a7501/element/{f670f816-e2a5-4df3-b81e-2c75764650cd}/text {"sessionId": "5bf17ba7-f7cd-41c9-aaaf-3a70513a7501", "id": "{f670f816-e2a5-4df3-b81e-2c75764650cd}"}
DEBUG:selenium.webdriver.remote.remote_connection:Finished Request
DEBUG:selenium.webdriver.remote.remote_connection:DELETE http://127.0.0.1:52472/hub/session/5bf17ba7-f7cd-41c9-aaaf-3a70513a7501 {"sessionId": "5bf17ba7-f7cd-41c9-aaaf-3a70513a7501"}
DEBUG:selenium.webdriver.remote.remote_connection:Finished Request
DEBUG:django.db.backends.schema:CREATE TABLE "django_migrations" ("id" integer NOT NULL PRIMARY KEY AUTOINCREMENT, "app" varchar(255) NOT NULL, "name" varchar(255) NOT NULL, "applied" datetime NOT NULL); (params None)
DEBUG:django.db.backends.schema:CREATE TABLE "django_content_type" ("id" integer NOT NULL PRIMARY KEY AUTOINCREMENT, "name" varchar(100) NOT NULL, "app_label" varchar(100) NOT NULL, "model" varchar(100) NOT NULL); (params None)
DEBUG:django.db.backends.schema:CREATE TABLE "django_content_type__new" ("id" integer NOT NULL PRIMARY KEY AUTOINCREMENT, "name" varchar(100) NOT NULL, "app_label" varchar(100) NOT NULL, "model" varchar(100) NOT NULL, UNIQUE ("app_label", "model")); (params None)
DEBUG:django.db.backends.schema:INSERT INTO "django_content_type__new" ("model", "app_label", "id", "name") SELECT "model", "app_label", "id", "name" FROM "django_content_type"; (params [])
DEBUG:django.db.backends.schema:DROP TABLE "django_content_type"; (params [])
DEBUG:django.db.backends.schema:ALTER TABLE "django_content_type__new" RENAME TO "django_content_type"; (params [])
DEBUG:django.db.backends.schema:CREATE TABLE "auth_permission" ("id" integer NOT NULL PRIMARY KEY AUTOINCREMENT, "name" varchar(50) NOT NULL, "content_type_id" integer NOT NULL REFERENCES "django_content_type" ("id"), "codename" varchar(100) NOT NULL, UNIQUE ("content_type_id", "codename")); (params None)
DEBUG:django.db.backends.schema:CREATE TABLE "auth_group" ("id" integer NOT NULL PRIMARY KEY AUTOINCREMENT, "name" varchar(80) NOT NULL UNIQUE); (params None)
DEBUG:django.db.backends.schema:CREATE TABLE "auth_group_permissions" ("id" integer NOT NULL PRIMARY KEY AUTOINCREMENT, "group_id" integer NOT NULL REFERENCES "auth_group" ("id"), "permission_id" integer NOT NULL REFERENCES "auth_permission" ("id"), UNIQUE ("group_id", "permission_id")); (params None)
DEBUG:django.db.backends.schema:CREATE TABLE "auth_user" ("id" integer NOT NULL PRIMARY KEY AUTOINCREMENT, "password" varchar(128) NOT NULL, "last_login" datetime NOT NULL, "is_superuser" bool NOT NULL, "username" varchar(30) NOT NULL UNIQUE, "first_name" varchar(30) NOT NULL, "last_name" varchar(30) NOT NULL, "email" varchar(75) NOT NULL, "is_staff" bool NOT NULL, "is_active" bool NOT NULL, "date_joined" datetime NOT NULL); (params None)
DEBUG:django.db.backends.schema:CREATE TABLE "auth_user_groups" ("id" integer NOT NULL PRIMARY KEY AUTOINCREMENT, "user_id" integer NOT NULL REFERENCES "auth_user" ("id"), "group_id" integer NOT NULL REFERENCES "auth_group" ("id"), UNIQUE ("user_id", "group_id")); (params None)
DEBUG:django.db.backends.schema:CREATE TABLE "auth_user_user_permissions" ("id" integer NOT NULL PRIMARY KEY AUTOINCREMENT, "user_id" integer NOT NULL REFERENCES "auth_user" ("id"), "permission_id" integer NOT NULL REFERENCES "auth_permission" ("id"), UNIQUE ("user_id", "permission_id")); (params None)
DEBUG:django.db.backends.schema:CREATE INDEX "auth_permission_417f1b1c" ON "auth_permission" ("content_type_id"); (params [])
DEBUG:django.db.backends.schema:CREATE INDEX "auth_group_permissions_0e939a4f" ON "auth_group_permissions" ("group_id"); (params [])
DEBUG:django.db.backends.schema:CREATE INDEX "auth_group_permissions_8373b171" ON "auth_group_permissions" ("permission_id"); (params [])
DEBUG:django.db.backends.schema:CREATE INDEX "auth_user_groups_e8701ad4" ON "auth_user_groups" ("user_id"); (params [])
DEBUG:django.db.backends.schema:CREATE INDEX "auth_user_groups_0e939a4f" ON "auth_user_groups" ("group_id"); (params [])
DEBUG:django.db.backends.schema:CREATE INDEX "auth_user_user_permissions_e8701ad4" ON "auth_user_user_permissions" ("user_id"); (params [])
DEBUG:django.db.backends.schema:CREATE INDEX "auth_user_user_permissions_8373b171" ON "auth_user_user_permissions" ("permission_id"); (params [])
DEBUG:django.db.backends.schema:CREATE TABLE "django_admin_log" ("id" integer NOT NULL PRIMARY KEY AUTOINCREMENT, "action_time" datetime NOT NULL, "object_id" text NULL, "object_repr" varchar(200) NOT NULL, "action_flag" smallint unsigned NOT NULL, "change_message" text NOT NULL, "content_type_id" integer NULL REFERENCES "django_content_type" ("id"), "user_id" integer NOT NULL REFERENCES "auth_user" ("id")); (params None)
DEBUG:django.db.backends.schema:CREATE INDEX "django_admin_log_417f1b1c" ON "django_admin_log" ("content_type_id"); (params [])
DEBUG:django.db.backends.schema:CREATE INDEX "django_admin_log_e8701ad4" ON "django_admin_log" ("user_id"); (params [])
DEBUG:django.db.backends.schema:CREATE TABLE "django_content_type__new" ("id" integer NOT NULL PRIMARY KEY AUTOINCREMENT, "app_label" varchar(100) NOT NULL, "model" varchar(100) NOT NULL, "name" varchar(100) NULL, UNIQUE ("app_label", "model")); (params None)
DEBUG:django.db.backends.schema:INSERT INTO "django_content_type__new" ("model", "app_label", "id", "name") SELECT "model", "app_label", "id", "name" FROM "django_content_type"; (params [])
DEBUG:django.db.backends.schema:DROP TABLE "django_content_type"; (params [])
DEBUG:django.db.backends.schema:ALTER TABLE "django_content_type__new" RENAME TO "django_content_type"; (params [])
DEBUG:django.db.backends.schema:CREATE TABLE "django_content_type__new" ("id" integer NOT NULL PRIMARY KEY AUTOINCREMENT, "app_label" varchar(100) NOT NULL, "model" varchar(100) NOT NULL, UNIQUE ("app_label", "model")); (params None)
DEBUG:django.db.backends.schema:INSERT INTO "django_content_type__new" ("model", "app_label", "id") SELECT "model", "app_label", "id" FROM "django_content_type"; (params [])
DEBUG:django.db.backends.schema:DROP TABLE "django_content_type"; (params [])
DEBUG:django.db.backends.schema:ALTER TABLE "django_content_type__new" RENAME TO "django_content_type"; (params [])
DEBUG:django.db.backends.schema:CREATE TABLE "auth_permission__new" ("id" integer NOT NULL PRIMARY KEY AUTOINCREMENT, "content_type_id" integer NOT NULL REFERENCES "django_content_type" ("id"), "codename" varchar(100) NOT NULL, "name" varchar(255) NOT NULL, UNIQUE ("content_type_id", "codename")); (params None)
DEBUG:django.db.backends.schema:INSERT INTO "auth_permission__new" ("content_type_id", "codename", "id", "name") SELECT "content_type_id", "codename", "id", "name" FROM "auth_permission"; (params [])
DEBUG:django.db.backends.schema:DROP TABLE "auth_permission"; (params [])
DEBUG:django.db.backends.schema:ALTER TABLE "auth_permission__new" RENAME TO "auth_permission"; (params [])
DEBUG:django.db.backends.schema:CREATE INDEX "auth_permission_417f1b1c" ON "auth_permission" ("content_type_id"); (params [])
DEBUG:django.db.backends.schema:CREATE TABLE "auth_user__new" ("id" integer NOT NULL PRIMARY KEY AUTOINCREMENT, "password" varchar(128) NOT NULL, "last_login" datetime NOT NULL, "is_superuser" bool NOT NULL, "username" varchar(30) NOT NULL UNIQUE, "first_name" varchar(30) NOT NULL, "last_name" varchar(30) NOT NULL, "is_staff" bool NOT NULL, "is_active" bool NOT NULL, "date_joined" datetime NOT NULL, "email" varchar(254) NOT NULL); (params None)
DEBUG:django.db.backends.schema:INSERT INTO "auth_user__new" ("username", "first_name", "last_name", "is_active", "email", "is_superuser", "is_staff", "last_login", "password", "id", "date_joined") SELECT "username", "first_name", "last_name", "is_active", "email", "is_superuser", "is_staff", "last_login", "password", "id", "date_joined" FROM "auth_user"; (params [])
DEBUG:django.db.backends.schema:DROP TABLE "auth_user"; (params [])
DEBUG:django.db.backends.schema:ALTER TABLE "auth_user__new" RENAME TO "auth_user"; (params [])
DEBUG:django.db.backends.schema:CREATE TABLE "auth_user__new" ("id" integer NOT NULL PRIMARY KEY AUTOINCREMENT, "password" varchar(128) NOT NULL, "last_login" datetime NOT NULL, "is_superuser" bool NOT NULL, "first_name" varchar(30) NOT NULL, "last_name" varchar(30) NOT NULL, "email" varchar(254) NOT NULL, "is_staff" bool NOT NULL, "is_active" bool NOT NULL, "date_joined" datetime NOT NULL, "username" varchar(30) NOT NULL UNIQUE); (params None)
DEBUG:django.db.backends.schema:INSERT INTO "auth_user__new" ("username", "first_name", "last_name", "is_active", "email", "is_superuser", "is_staff", "last_login", "password", "id", "date_joined") SELECT "username", "first_name", "last_name", "is_active", "email", "is_superuser", "is_staff", "last_login", "password", "id", "date_joined" FROM "auth_user"; (params [])
DEBUG:django.db.backends.schema:DROP TABLE "auth_user"; (params [])
DEBUG:django.db.backends.schema:ALTER TABLE "auth_user__new" RENAME TO "auth_user"; (params [])
DEBUG:django.db.backends.schema:CREATE TABLE "auth_user__new" ("id" integer NOT NULL PRIMARY KEY AUTOINCREMENT, "password" varchar(128) NOT NULL, "is_superuser" bool NOT NULL, "username" varchar(30) NOT NULL UNIQUE, "first_name" varchar(30) NOT NULL, "last_name" varchar(30) NOT NULL, "email" varchar(254) NOT NULL, "is_staff" bool NOT NULL, "is_active" bool NOT NULL, "date_joined" datetime NOT NULL, "last_login" datetime NULL); (params None)
DEBUG:django.db.backends.schema:INSERT INTO "auth_user__new" ("username", "first_name", "last_name", "is_active", "email", "is_superuser", "is_staff", "last_login", "password", "id", "date_joined") SELECT "username", "first_name", "last_name", "is_active", "email", "is_superuser", "is_staff", "last_login", "password", "id", "date_joined" FROM "auth_user"; (params [])
DEBUG:django.db.backends.schema:DROP TABLE "auth_user"; (params [])
DEBUG:django.db.backends.schema:ALTER TABLE "auth_user__new" RENAME TO "auth_user"; (params [])
DEBUG:django.db.backends.schema:CREATE TABLE "lists_item" ("id" integer NOT NULL PRIMARY KEY AUTOINCREMENT); (params None)
DEBUG:django.db.backends.schema:CREATE TABLE "lists_item__new" ("id" integer NOT NULL PRIMARY KEY AUTOINCREMENT, "text" text NOT NULL); (params None)
DEBUG:django.db.backends.schema:INSERT INTO "lists_item__new" ("text", "id") SELECT '', "id" FROM "lists_item"; (params [])
DEBUG:django.db.backends.schema:DROP TABLE "lists_item"; (params [])
DEBUG:django.db.backends.schema:ALTER TABLE "lists_item__new" RENAME TO "lists_item"; (params [])
DEBUG:django.db.backends.schema:CREATE TABLE "lists_list" ("id" integer NOT NULL PRIMARY KEY AUTOINCREMENT); (params None)
DEBUG:django.db.backends.schema:CREATE TABLE "lists_item__new" ("id" integer NOT NULL PRIMARY KEY AUTOINCREMENT, "text" text NOT NULL, "list" text NOT NULL); (params None)
DEBUG:django.db.backends.schema:INSERT INTO "lists_item__new" ("text", "list", "id") SELECT "text", '', "id" FROM "lists_item"; (params [])
DEBUG:django.db.backends.schema:DROP TABLE "lists_item"; (params [])
DEBUG:django.db.backends.schema:ALTER TABLE "lists_item__new" RENAME TO "lists_item"; (params [])
DEBUG:django.db.backends.schema:CREATE TABLE "lists_item__new" ("id" integer NOT NULL PRIMARY KEY AUTOINCREMENT, "text" text NOT NULL, "list_id" integer NOT NULL REFERENCES "lists_list" ("id")); (params None)
DEBUG:django.db.backends.schema:INSERT INTO "lists_item__new" ("text", "id", "list_id") SELECT "text", "id", "list" FROM "lists_item"; (params [])
DEBUG:django.db.backends.schema:DROP TABLE "lists_item"; (params [])
DEBUG:django.db.backends.schema:ALTER TABLE "lists_item__new" RENAME TO "lists_item"; (params [])
DEBUG:django.db.backends.schema:CREATE INDEX "lists_item_4da3e820" ON "lists_item" ("list_id"); (params [])
DEBUG:django.db.backends.schema:CREATE TABLE "django_session" ("session_key" varchar(40) NOT NULL PRIMARY KEY, "session_data" text NOT NULL, "expire_date" datetime NOT NULL); (params None)
DEBUG:django.db.backends.schema:CREATE INDEX "django_session_de54fa62" ON "django_session" ("expire_date"); (params [])
DEBUG:selenium.webdriver.remote.remote_connection:POST http://127.0.0.1:53368/hub/session {"desiredCapabilities": {"platform": "ANY", "browserName": "firefox", "version": "", "javascriptEnabled": true}}
DEBUG:selenium.webdriver.remote.remote_connection:Finished Request
DEBUG:selenium.webdriver.remote.remote_connection:POST http://127.0.0.1:53368/hub/session/bef2ad68-c841-425e-8462-e17db4894116/timeouts/implicit_wait {"sessionId": "bef2ad68-c841-425e-8462-e17db4894116", "ms": 2000.0}
DEBUG:selenium.webdriver.remote.remote_connection:Finished Request
DEBUG:selenium.webdriver.remote.remote_connection:POST http://127.0.0.1:53368/hub/session/bef2ad68-c841-425e-8462-e17db4894116/url {"url": "http://localhost:8080", "sessionId": "bef2ad68-c841-425e-8462-e17db4894116"}
DEBUG:selenium.webdriver.remote.remote_connection:Finished Request
DEBUG:selenium.webdriver.remote.remote_connection:GET http://127.0.0.1:53368/hub/session/bef2ad68-c841-425e-8462-e17db4894116/title {"sessionId": "bef2ad68-c841-425e-8462-e17db4894116"}
DEBUG:selenium.webdriver.remote.remote_connection:Finished Request
DEBUG:selenium.webdriver.remote.remote_connection:POST http://127.0.0.1:53368/hub/session/bef2ad68-c841-425e-8462-e17db4894116/element {"using": "tag name", "sessionId": "bef2ad68-c841-425e-8462-e17db4894116", "value": "h1"}
DEBUG:selenium.webdriver.remote.remote_connection:Finished Request
DEBUG:selenium.webdriver.remote.remote_connection:GET http://127.0.0.1:53368/hub/session/bef2ad68-c841-425e-8462-e17db4894116/element/{65f3f298-911d-44c3-80f2-62b5b65ea4c5}/text {"sessionId": "bef2ad68-c841-425e-8462-e17db4894116", "id": "{65f3f298-911d-44c3-80f2-62b5b65ea4c5}"}
DEBUG:selenium.webdriver.remote.remote_connection:Finished Request
DEBUG:selenium.webdriver.remote.remote_connection:POST http://127.0.0.1:53368/hub/session/bef2ad68-c841-425e-8462-e17db4894116/element {"using": "id", "sessionId": "bef2ad68-c841-425e-8462-e17db4894116", "value": "id_new_item"}
DEBUG:selenium.webdriver.remote.remote_connection:Finished Request
DEBUG:selenium.webdriver.remote.remote_connection:GET http://127.0.0.1:53368/hub/session/bef2ad68-c841-425e-8462-e17db4894116/element/{7bc76007-7749-41de-8e27-afe008fa3a19}/attribute/placeholder {"sessionId": "bef2ad68-c841-425e-8462-e17db4894116", "name": "placeholder", "id": "{7bc76007-7749-41de-8e27-afe008fa3a19}"}
DEBUG:selenium.webdriver.remote.remote_connection:Finished Request
DEBUG:selenium.webdriver.remote.remote_connection:POST http://127.0.0.1:53368/hub/session/bef2ad68-c841-425e-8462-e17db4894116/element/{7bc76007-7749-41de-8e27-afe008fa3a19}/value {"sessionId": "bef2ad68-c841-425e-8462-e17db4894116", "id": "{7bc76007-7749-41de-8e27-afe008fa3a19}", "value": ["B", "u", "y", " ", "p", "e", "a", "c", "o", "c", "k", " ", "f", "e", "a", "t", "h", "e", "r", "s"]}
DEBUG:selenium.webdriver.remote.remote_connection:Finished Request
DEBUG:selenium.webdriver.remote.remote_connection:POST http://127.0.0.1:53368/hub/session/bef2ad68-c841-425e-8462-e17db4894116/element/{7bc76007-7749-41de-8e27-afe008fa3a19}/value {"sessionId": "bef2ad68-c841-425e-8462-e17db4894116", "id": "{7bc76007-7749-41de-8e27-afe008fa3a19}", "value": ["\ue006"]}
DEBUG:selenium.webdriver.remote.remote_connection:Finished Request
DEBUG:selenium.webdriver.remote.remote_connection:GET http://127.0.0.1:53368/hub/session/bef2ad68-c841-425e-8462-e17db4894116/url {"sessionId": "bef2ad68-c841-425e-8462-e17db4894116"}
DEBUG:selenium.webdriver.remote.remote_connection:Finished Request
DEBUG:selenium.webdriver.remote.remote_connection:POST http://127.0.0.1:53368/hub/session/bef2ad68-c841-425e-8462-e17db4894116/element {"using": "id", "sessionId": "bef2ad68-c841-425e-8462-e17db4894116", "value": "id_list_table"}
DEBUG:selenium.webdriver.remote.remote_connection:Finished Request
DEBUG:selenium.webdriver.remote.remote_connection:POST http://127.0.0.1:53368/hub/session/bef2ad68-c841-425e-8462-e17db4894116/element/{5ba50382-5a0d-43f7-aebb-716a73f3cd17}/elements {"using": "tag name", "sessionId": "bef2ad68-c841-425e-8462-e17db4894116", "id": "{5ba50382-5a0d-43f7-aebb-716a73f3cd17}", "value": "tr"}
DEBUG:selenium.webdriver.remote.remote_connection:Finished Request
DEBUG:selenium.webdriver.remote.remote_connection:GET http://127.0.0.1:53368/hub/session/bef2ad68-c841-425e-8462-e17db4894116/element/{6d0fac3c-de38-44bc-b1c8-e9064a6f839d}/text {"sessionId": "bef2ad68-c841-425e-8462-e17db4894116", "id": "{6d0fac3c-de38-44bc-b1c8-e9064a6f839d}"}
DEBUG:selenium.webdriver.remote.remote_connection:Finished Request
DEBUG:selenium.webdriver.remote.remote_connection:POST http://127.0.0.1:53368/hub/session/bef2ad68-c841-425e-8462-e17db4894116/element {"using": "id", "sessionId": "bef2ad68-c841-425e-8462-e17db4894116", "value": "id_new_item"}
DEBUG:selenium.webdriver.remote.remote_connection:Finished Request
DEBUG:selenium.webdriver.remote.remote_connection:POST http://127.0.0.1:53368/hub/session/bef2ad68-c841-425e-8462-e17db4894116/element/{3168ac4b-06ff-41c8-b7b3-bc8fd0479f2c}/value {"sessionId": "bef2ad68-c841-425e-8462-e17db4894116", "id": "{3168ac4b-06ff-41c8-b7b3-bc8fd0479f2c}", "value": ["U", "s", "e", " ", "p", "e", "a", "c", "o", "c", "k", " ", "f", "e", "a", "t", "h", "e", "r", "s", " ", "t", "o", " ", "m", "a", "k", "e", " ", "a", " ", "f", "l", "y"]}
DEBUG:selenium.webdriver.remote.remote_connection:Finished Request
DEBUG:selenium.webdriver.remote.remote_connection:POST http://127.0.0.1:53368/hub/session/bef2ad68-c841-425e-8462-e17db4894116/element/{3168ac4b-06ff-41c8-b7b3-bc8fd0479f2c}/value {"sessionId": "bef2ad68-c841-425e-8462-e17db4894116", "id": "{3168ac4b-06ff-41c8-b7b3-bc8fd0479f2c}", "value": ["\ue006"]}
DEBUG:selenium.webdriver.remote.remote_connection:Finished Request
DEBUG:selenium.webdriver.remote.remote_connection:POST http://127.0.0.1:53368/hub/session/bef2ad68-c841-425e-8462-e17db4894116/element {"using": "id", "sessionId": "bef2ad68-c841-425e-8462-e17db4894116", "value": "id_list_table"}
DEBUG:selenium.webdriver.remote.remote_connection:Finished Request
DEBUG:selenium.webdriver.remote.remote_connection:POST http://127.0.0.1:53368/hub/session/bef2ad68-c841-425e-8462-e17db4894116/element/{3d3b1ff9-8ca7-4760-8213-dd7695ce13b2}/elements {"using": "tag name", "sessionId": "bef2ad68-c841-425e-8462-e17db4894116", "id": "{3d3b1ff9-8ca7-4760-8213-dd7695ce13b2}", "value": "tr"}
DEBUG:selenium.webdriver.remote.remote_connection:Finished Request
DEBUG:selenium.webdriver.remote.remote_connection:GET http://127.0.0.1:53368/hub/session/bef2ad68-c841-425e-8462-e17db4894116/element/{08b1ea7e-6470-4658-bfc7-43457d9ca898}/text {"sessionId": "bef2ad68-c841-425e-8462-e17db4894116", "id": "{08b1ea7e-6470-4658-bfc7-43457d9ca898}"}
DEBUG:selenium.webdriver.remote.remote_connection:Finished Request
DEBUG:selenium.webdriver.remote.remote_connection:DELETE http://127.0.0.1:53368/hub/session/bef2ad68-c841-425e-8462-e17db4894116 {"sessionId": "bef2ad68-c841-425e-8462-e17db4894116"}
DEBUG:selenium.webdriver.remote.remote_connection:Finished Request
DEBUG:django.db.backends.schema:CREATE TABLE "django_migrations" ("id" integer NOT NULL PRIMARY KEY AUTOINCREMENT, "app" varchar(255) NOT NULL, "name" varchar(255) NOT NULL, "applied" datetime NOT NULL); (params None)
DEBUG:django.db.backends.schema:CREATE TABLE "django_content_type" ("id" integer NOT NULL PRIMARY KEY AUTOINCREMENT, "name" varchar(100) NOT NULL, "app_label" varchar(100) NOT NULL, "model" varchar(100) NOT NULL); (params None)
DEBUG:django.db.backends.schema:CREATE TABLE "django_content_type__new" ("id" integer NOT NULL PRIMARY KEY AUTOINCREMENT, "name" varchar(100) NOT NULL, "app_label" varchar(100) NOT NULL, "model" varchar(100) NOT NULL, UNIQUE ("app_label", "model")); (params None)
DEBUG:django.db.backends.schema:INSERT INTO "django_content_type__new" ("model", "app_label", "id", "name") SELECT "model", "app_label", "id", "name" FROM "django_content_type"; (params [])
DEBUG:django.db.backends.schema:DROP TABLE "django_content_type"; (params [])
DEBUG:django.db.backends.schema:ALTER TABLE "django_content_type__new" RENAME TO "django_content_type"; (params [])
DEBUG:django.db.backends.schema:CREATE TABLE "auth_permission" ("id" integer NOT NULL PRIMARY KEY AUTOINCREMENT, "name" varchar(50) NOT NULL, "content_type_id" integer NOT NULL REFERENCES "django_content_type" ("id"), "codename" varchar(100) NOT NULL, UNIQUE ("content_type_id", "codename")); (params None)
DEBUG:django.db.backends.schema:CREATE TABLE "auth_group" ("id" integer NOT NULL PRIMARY KEY AUTOINCREMENT, "name" varchar(80) NOT NULL UNIQUE); (params None)
DEBUG:django.db.backends.schema:CREATE TABLE "auth_group_permissions" ("id" integer NOT NULL PRIMARY KEY AUTOINCREMENT, "group_id" integer NOT NULL REFERENCES "auth_group" ("id"), "permission_id" integer NOT NULL REFERENCES "auth_permission" ("id"), UNIQUE ("group_id", "permission_id")); (params None)
DEBUG:django.db.backends.schema:CREATE TABLE "auth_user" ("id" integer NOT NULL PRIMARY KEY AUTOINCREMENT, "password" varchar(128) NOT NULL, "last_login" datetime NOT NULL, "is_superuser" bool NOT NULL, "username" varchar(30) NOT NULL UNIQUE, "first_name" varchar(30) NOT NULL, "last_name" varchar(30) NOT NULL, "email" varchar(75) NOT NULL, "is_staff" bool NOT NULL, "is_active" bool NOT NULL, "date_joined" datetime NOT NULL); (params None)
DEBUG:django.db.backends.schema:CREATE TABLE "auth_user_groups" ("id" integer NOT NULL PRIMARY KEY AUTOINCREMENT, "user_id" integer NOT NULL REFERENCES "auth_user" ("id"), "group_id" integer NOT NULL REFERENCES "auth_group" ("id"), UNIQUE ("user_id", "group_id")); (params None)
DEBUG:django.db.backends.schema:CREATE TABLE "auth_user_user_permissions" ("id" integer NOT NULL PRIMARY KEY AUTOINCREMENT, "user_id" integer NOT NULL REFERENCES "auth_user" ("id"), "permission_id" integer NOT NULL REFERENCES "auth_permission" ("id"), UNIQUE ("user_id", "permission_id")); (params None)
DEBUG:django.db.backends.schema:CREATE INDEX "auth_permission_417f1b1c" ON "auth_permission" ("content_type_id"); (params [])
DEBUG:django.db.backends.schema:CREATE INDEX "auth_group_permissions_0e939a4f" ON "auth_group_permissions" ("group_id"); (params [])
DEBUG:django.db.backends.schema:CREATE INDEX "auth_group_permissions_8373b171" ON "auth_group_permissions" ("permission_id"); (params [])
DEBUG:django.db.backends.schema:CREATE INDEX "auth_user_groups_e8701ad4" ON "auth_user_groups" ("user_id"); (params [])
DEBUG:django.db.backends.schema:CREATE INDEX "auth_user_groups_0e939a4f" ON "auth_user_groups" ("group_id"); (params [])
DEBUG:django.db.backends.schema:CREATE INDEX "auth_user_user_permissions_e8701ad4" ON "auth_user_user_permissions" ("user_id"); (params [])
DEBUG:django.db.backends.schema:CREATE INDEX "auth_user_user_permissions_8373b171" ON "auth_user_user_permissions" ("permission_id"); (params [])
DEBUG:django.db.backends.schema:CREATE TABLE "django_admin_log" ("id" integer NOT NULL PRIMARY KEY AUTOINCREMENT, "action_time" datetime NOT NULL, "object_id" text NULL, "object_repr" varchar(200) NOT NULL, "action_flag" smallint unsigned NOT NULL, "change_message" text NOT NULL, "content_type_id" integer NULL REFERENCES "django_content_type" ("id"), "user_id" integer NOT NULL REFERENCES "auth_user" ("id")); (params None)
DEBUG:django.db.backends.schema:CREATE INDEX "django_admin_log_417f1b1c" ON "django_admin_log" ("content_type_id"); (params [])
DEBUG:django.db.backends.schema:CREATE INDEX "django_admin_log_e8701ad4" ON "django_admin_log" ("user_id"); (params [])
DEBUG:django.db.backends.schema:CREATE TABLE "django_content_type__new" ("id" integer NOT NULL PRIMARY KEY AUTOINCREMENT, "app_label" varchar(100) NOT NULL, "model" varchar(100) NOT NULL, "name" varchar(100) NULL, UNIQUE ("app_label", "model")); (params None)
DEBUG:django.db.backends.schema:INSERT INTO "django_content_type__new" ("model", "app_label", "id", "name") SELECT "model", "app_label", "id", "name" FROM "django_content_type"; (params [])
DEBUG:django.db.backends.schema:DROP TABLE "django_content_type"; (params [])
DEBUG:django.db.backends.schema:ALTER TABLE "django_content_type__new" RENAME TO "django_content_type"; (params [])
DEBUG:django.db.backends.schema:CREATE TABLE "django_content_type__new" ("id" integer NOT NULL PRIMARY KEY AUTOINCREMENT, "app_label" varchar(100) NOT NULL, "model" varchar(100) NOT NULL, UNIQUE ("app_label", "model")); (params None)
DEBUG:django.db.backends.schema:INSERT INTO "django_content_type__new" ("model", "app_label", "id") SELECT "model", "app_label", "id" FROM "django_content_type"; (params [])
DEBUG:django.db.backends.schema:DROP TABLE "django_content_type"; (params [])
DEBUG:django.db.backends.schema:ALTER TABLE "django_content_type__new" RENAME TO "django_content_type"; (params [])
DEBUG:django.db.backends.schema:CREATE TABLE "auth_permission__new" ("id" integer NOT NULL PRIMARY KEY AUTOINCREMENT, "content_type_id" integer NOT NULL REFERENCES "django_content_type" ("id"), "codename" varchar(100) NOT NULL, "name" varchar(255) NOT NULL, UNIQUE ("content_type_id", "codename")); (params None)
DEBUG:django.db.backends.schema:INSERT INTO "auth_permission__new" ("content_type_id", "codename", "id", "name") SELECT "content_type_id", "codename", "id", "name" FROM "auth_permission"; (params [])
DEBUG:django.db.backends.schema:DROP TABLE "auth_permission"; (params [])
DEBUG:django.db.backends.schema:ALTER TABLE "auth_permission__new" RENAME TO "auth_permission"; (params [])
DEBUG:django.db.backends.schema:CREATE INDEX "auth_permission_417f1b1c" ON "auth_permission" ("content_type_id"); (params [])
DEBUG:django.db.backends.schema:CREATE TABLE "auth_user__new" ("id" integer NOT NULL PRIMARY KEY AUTOINCREMENT, "password" varchar(128) NOT NULL, "last_login" datetime NOT NULL, "is_superuser" bool NOT NULL, "username" varchar(30) NOT NULL UNIQUE, "first_name" varchar(30) NOT NULL, "last_name" varchar(30) NOT NULL, "is_staff" bool NOT NULL, "is_active" bool NOT NULL, "date_joined" datetime NOT NULL, "email" varchar(254) NOT NULL); (params None)
DEBUG:django.db.backends.schema:INSERT INTO "auth_user__new" ("username", "first_name", "last_name", "is_active", "email", "is_superuser", "is_staff", "last_login", "password", "id", "date_joined") SELECT "username", "first_name", "last_name", "is_active", "email", "is_superuser", "is_staff", "last_login", "password", "id", "date_joined" FROM "auth_user"; (params [])
DEBUG:django.db.backends.schema:DROP TABLE "auth_user"; (params [])
DEBUG:django.db.backends.schema:ALTER TABLE "auth_user__new" RENAME TO "auth_user"; (params [])
DEBUG:django.db.backends.schema:CREATE TABLE "auth_user__new" ("id" integer NOT NULL PRIMARY KEY AUTOINCREMENT, "password" varchar(128) NOT NULL, "last_login" datetime NOT NULL, "is_superuser" bool NOT NULL, "first_name" varchar(30) NOT NULL, "last_name" varchar(30) NOT NULL, "email" varchar(254) NOT NULL, "is_staff" bool NOT NULL, "is_active" bool NOT NULL, "date_joined" datetime NOT NULL, "username" varchar(30) NOT NULL UNIQUE); (params None)
DEBUG:django.db.backends.schema:INSERT INTO "auth_user__new" ("username", "first_name", "last_name", "is_active", "email", "is_superuser", "is_staff", "last_login", "password", "id", "date_joined") SELECT "username", "first_name", "last_name", "is_active", "email", "is_superuser", "is_staff", "last_login", "password", "id", "date_joined" FROM "auth_user"; (params [])
DEBUG:django.db.backends.schema:DROP TABLE "auth_user"; (params [])
DEBUG:django.db.backends.schema:ALTER TABLE "auth_user__new" RENAME TO "auth_user"; (params [])
DEBUG:django.db.backends.schema:CREATE TABLE "auth_user__new" ("id" integer NOT NULL PRIMARY KEY AUTOINCREMENT, "password" varchar(128) NOT NULL, "is_superuser" bool NOT NULL, "username" varchar(30) NOT NULL UNIQUE, "first_name" varchar(30) NOT NULL, "last_name" varchar(30) NOT NULL, "email" varchar(254) NOT NULL, "is_staff" bool NOT NULL, "is_active" bool NOT NULL, "date_joined" datetime NOT NULL, "last_login" datetime NULL); (params None)
DEBUG:django.db.backends.schema:INSERT INTO "auth_user__new" ("username", "first_name", "last_name", "is_active", "email", "is_superuser", "is_staff", "last_login", "password", "id", "date_joined") SELECT "username", "first_name", "last_name", "is_active", "email", "is_superuser", "is_staff", "last_login", "password", "id", "date_joined" FROM "auth_user"; (params [])
DEBUG:django.db.backends.schema:DROP TABLE "auth_user"; (params [])
DEBUG:django.db.backends.schema:ALTER TABLE "auth_user__new" RENAME TO "auth_user"; (params [])
DEBUG:django.db.backends.schema:CREATE TABLE "lists_item" ("id" integer NOT NULL PRIMARY KEY AUTOINCREMENT); (params None)
DEBUG:django.db.backends.schema:CREATE TABLE "lists_item__new" ("id" integer NOT NULL PRIMARY KEY AUTOINCREMENT, "text" text NOT NULL); (params None)
DEBUG:django.db.backends.schema:INSERT INTO "lists_item__new" ("text", "id") SELECT '', "id" FROM "lists_item"; (params [])
DEBUG:django.db.backends.schema:DROP TABLE "lists_item"; (params [])
DEBUG:django.db.backends.schema:ALTER TABLE "lists_item__new" RENAME TO "lists_item"; (params [])
DEBUG:django.db.backends.schema:CREATE TABLE "lists_list" ("id" integer NOT NULL PRIMARY KEY AUTOINCREMENT); (params None)
DEBUG:django.db.backends.schema:CREATE TABLE "lists_item__new" ("id" integer NOT NULL PRIMARY KEY AUTOINCREMENT, "text" text NOT NULL, "list" text NOT NULL); (params None)
DEBUG:django.db.backends.schema:INSERT INTO "lists_item__new" ("text", "list", "id") SELECT "text", '', "id" FROM "lists_item"; (params [])
DEBUG:django.db.backends.schema:DROP TABLE "lists_item"; (params [])
DEBUG:django.db.backends.schema:ALTER TABLE "lists_item__new" RENAME TO "lists_item"; (params [])
DEBUG:django.db.backends.schema:CREATE TABLE "lists_item__new" ("id" integer NOT NULL PRIMARY KEY AUTOINCREMENT, "text" text NOT NULL, "list_id" integer NOT NULL REFERENCES "lists_list" ("id")); (params None)
DEBUG:django.db.backends.schema:INSERT INTO "lists_item__new" ("text", "id", "list_id") SELECT "text", "id", "list" FROM "lists_item"; (params [])
DEBUG:django.db.backends.schema:DROP TABLE "lists_item"; (params [])
DEBUG:django.db.backends.schema:ALTER TABLE "lists_item__new" RENAME TO "lists_item"; (params [])
DEBUG:django.db.backends.schema:CREATE INDEX "lists_item_4da3e820" ON "lists_item" ("list_id"); (params [])
DEBUG:django.db.backends.schema:CREATE TABLE "django_session" ("session_key" varchar(40) NOT NULL PRIMARY KEY, "session_data" text NOT NULL, "expire_date" datetime NOT NULL); (params None)
DEBUG:django.db.backends.schema:CREATE INDEX "django_session_de54fa62" ON "django_session" ("expire_date"); (params [])
DEBUG:selenium.webdriver.remote.remote_connection:POST http://127.0.0.1:53507/hub/session {"desiredCapabilities": {"platform": "ANY", "browserName": "firefox", "version": "", "javascriptEnabled": true}}
DEBUG:selenium.webdriver.remote.remote_connection:Finished Request
DEBUG:selenium.webdriver.remote.remote_connection:POST http://127.0.0.1:53507/hub/session/ef6fce30-0d29-407f-b469-579dd7df3d19/timeouts/implicit_wait {"sessionId": "ef6fce30-0d29-407f-b469-579dd7df3d19", "ms": 2000.0}
DEBUG:selenium.webdriver.remote.remote_connection:Finished Request
DEBUG:selenium.webdriver.remote.remote_connection:POST http://127.0.0.1:53507/hub/session/ef6fce30-0d29-407f-b469-579dd7df3d19/url {"url": "http://localhost:8080", "sessionId": "ef6fce30-0d29-407f-b469-579dd7df3d19"}
DEBUG:selenium.webdriver.remote.remote_connection:Finished Request
DEBUG:selenium.webdriver.remote.remote_connection:GET http://127.0.0.1:53507/hub/session/ef6fce30-0d29-407f-b469-579dd7df3d19/title {"sessionId": "ef6fce30-0d29-407f-b469-579dd7df3d19"}
DEBUG:selenium.webdriver.remote.remote_connection:Finished Request
DEBUG:selenium.webdriver.remote.remote_connection:POST http://127.0.0.1:53507/hub/session/ef6fce30-0d29-407f-b469-579dd7df3d19/element {"using": "tag name", "sessionId": "ef6fce30-0d29-407f-b469-579dd7df3d19", "value": "h1"}
DEBUG:selenium.webdriver.remote.remote_connection:Finished Request
DEBUG:selenium.webdriver.remote.remote_connection:GET http://127.0.0.1:53507/hub/session/ef6fce30-0d29-407f-b469-579dd7df3d19/element/{6b7ac9d9-0b8a-4d83-89ae-9a70748e2ec6}/text {"sessionId": "ef6fce30-0d29-407f-b469-579dd7df3d19", "id": "{6b7ac9d9-0b8a-4d83-89ae-9a70748e2ec6}"}
DEBUG:selenium.webdriver.remote.remote_connection:Finished Request
DEBUG:selenium.webdriver.remote.remote_connection:POST http://127.0.0.1:53507/hub/session/ef6fce30-0d29-407f-b469-579dd7df3d19/element {"using": "id", "sessionId": "ef6fce30-0d29-407f-b469-579dd7df3d19", "value": "id_new_item"}
DEBUG:selenium.webdriver.remote.remote_connection:Finished Request
DEBUG:selenium.webdriver.remote.remote_connection:GET http://127.0.0.1:53507/hub/session/ef6fce30-0d29-407f-b469-579dd7df3d19/element/{40d56b49-c888-4ca2-8c5f-c0a4e1a2c160}/attribute/placeholder {"sessionId": "ef6fce30-0d29-407f-b469-579dd7df3d19", "name": "placeholder", "id": "{40d56b49-c888-4ca2-8c5f-c0a4e1a2c160}"}
DEBUG:selenium.webdriver.remote.remote_connection:Finished Request
DEBUG:selenium.webdriver.remote.remote_connection:POST http://127.0.0.1:53507/hub/session/ef6fce30-0d29-407f-b469-579dd7df3d19/element/{40d56b49-c888-4ca2-8c5f-c0a4e1a2c160}/value {"sessionId": "ef6fce30-0d29-407f-b469-579dd7df3d19", "id": "{40d56b49-c888-4ca2-8c5f-c0a4e1a2c160}", "value": ["B", "u", "y", " ", "p", "e", "a", "c", "o", "c", "k", " ", "f", "e", "a", "t", "h", "e", "r", "s"]}
DEBUG:selenium.webdriver.remote.remote_connection:Finished Request
DEBUG:selenium.webdriver.remote.remote_connection:POST http://127.0.0.1:53507/hub/session/ef6fce30-0d29-407f-b469-579dd7df3d19/element/{40d56b49-c888-4ca2-8c5f-c0a4e1a2c160}/value {"sessionId": "ef6fce30-0d29-407f-b469-579dd7df3d19", "id": "{40d56b49-c888-4ca2-8c5f-c0a4e1a2c160}", "value": ["\ue006"]}
DEBUG:selenium.webdriver.remote.remote_connection:Finished Request
DEBUG:selenium.webdriver.remote.remote_connection:GET http://127.0.0.1:53507/hub/session/ef6fce30-0d29-407f-b469-579dd7df3d19/url {"sessionId": "ef6fce30-0d29-407f-b469-579dd7df3d19"}
DEBUG:selenium.webdriver.remote.remote_connection:Finished Request
DEBUG:selenium.webdriver.remote.remote_connection:POST http://127.0.0.1:53507/hub/session/ef6fce30-0d29-407f-b469-579dd7df3d19/element {"using": "id", "sessionId": "ef6fce30-0d29-407f-b469-579dd7df3d19", "value": "id_list_table"}
DEBUG:selenium.webdriver.remote.remote_connection:Finished Request
DEBUG:selenium.webdriver.remote.remote_connection:POST http://127.0.0.1:53507/hub/session/ef6fce30-0d29-407f-b469-579dd7df3d19/element/{17079c47-21e7-4dce-82d6-7eb6f9c04c0f}/elements {"using": "tag name", "sessionId": "ef6fce30-0d29-407f-b469-579dd7df3d19", "id": "{17079c47-21e7-4dce-82d6-7eb6f9c04c0f}", "value": "tr"}
DEBUG:selenium.webdriver.remote.remote_connection:Finished Request
DEBUG:selenium.webdriver.remote.remote_connection:GET http://127.0.0.1:53507/hub/session/ef6fce30-0d29-407f-b469-579dd7df3d19/element/{65f09f24-c2f6-4632-8be7-7b130027e8d4}/text {"sessionId": "ef6fce30-0d29-407f-b469-579dd7df3d19", "id": "{65f09f24-c2f6-4632-8be7-7b130027e8d4}"}
DEBUG:selenium.webdriver.remote.remote_connection:Finished Request
DEBUG:selenium.webdriver.remote.remote_connection:POST http://127.0.0.1:53507/hub/session/ef6fce30-0d29-407f-b469-579dd7df3d19/element {"using": "id", "sessionId": "ef6fce30-0d29-407f-b469-579dd7df3d19", "value": "id_new_item"}
DEBUG:selenium.webdriver.remote.remote_connection:Finished Request
DEBUG:selenium.webdriver.remote.remote_connection:POST http://127.0.0.1:53507/hub/session/ef6fce30-0d29-407f-b469-579dd7df3d19/element/{8e2fdb48-b773-45c2-8c0d-24c65b2fd318}/value {"sessionId": "ef6fce30-0d29-407f-b469-579dd7df3d19", "id": "{8e2fdb48-b773-45c2-8c0d-24c65b2fd318}", "value": ["U", "s", "e", " ", "p", "e", "a", "c", "o", "c", "k", " ", "f", "e", "a", "t", "h", "e", "r", "s", " ", "t", "o", " ", "m", "a", "k", "e", " ", "a", " ", "f", "l", "y"]}
DEBUG:selenium.webdriver.remote.remote_connection:Finished Request
DEBUG:selenium.webdriver.remote.remote_connection:POST http://127.0.0.1:53507/hub/session/ef6fce30-0d29-407f-b469-579dd7df3d19/element/{8e2fdb48-b773-45c2-8c0d-24c65b2fd318}/value {"sessionId": "ef6fce30-0d29-407f-b469-579dd7df3d19", "id": "{8e2fdb48-b773-45c2-8c0d-24c65b2fd318}", "value": ["\ue006"]}
DEBUG:selenium.webdriver.remote.remote_connection:Finished Request
DEBUG:selenium.webdriver.remote.remote_connection:POST http://127.0.0.1:53507/hub/session/ef6fce30-0d29-407f-b469-579dd7df3d19/element {"using": "id", "sessionId": "ef6fce30-0d29-407f-b469-579dd7df3d19", "value": "id_list_table"}
DEBUG:selenium.webdriver.remote.remote_connection:Finished Request
DEBUG:selenium.webdriver.remote.remote_connection:DELETE http://127.0.0.1:53507/hub/session/ef6fce30-0d29-407f-b469-579dd7df3d19 {"sessionId": "ef6fce30-0d29-407f-b469-579dd7df3d19"}
DEBUG:selenium.webdriver.remote.remote_connection:Finished Request
DEBUG:django.db.backends.schema:CREATE TABLE "django_migrations" ("id" integer NOT NULL PRIMARY KEY AUTOINCREMENT, "app" varchar(255) NOT NULL, "name" varchar(255) NOT NULL, "applied" datetime NOT NULL); (params None)
DEBUG:django.db.backends.schema:CREATE TABLE "django_content_type" ("id" integer NOT NULL PRIMARY KEY AUTOINCREMENT, "name" varchar(100) NOT NULL, "app_label" varchar(100) NOT NULL, "model" varchar(100) NOT NULL); (params None)
DEBUG:django.db.backends.schema:CREATE TABLE "django_content_type__new" ("id" integer NOT NULL PRIMARY KEY AUTOINCREMENT, "name" varchar(100) NOT NULL, "app_label" varchar(100) NOT NULL, "model" varchar(100) NOT NULL, UNIQUE ("app_label", "model")); (params None)
DEBUG:django.db.backends.schema:INSERT INTO "django_content_type__new" ("model", "app_label", "id", "name") SELECT "model", "app_label", "id", "name" FROM "django_content_type"; (params [])
DEBUG:django.db.backends.schema:DROP TABLE "django_content_type"; (params [])
DEBUG:django.db.backends.schema:ALTER TABLE "django_content_type__new" RENAME TO "django_content_type"; (params [])
DEBUG:django.db.backends.schema:CREATE TABLE "auth_permission" ("id" integer NOT NULL PRIMARY KEY AUTOINCREMENT, "name" varchar(50) NOT NULL, "content_type_id" integer NOT NULL REFERENCES "django_content_type" ("id"), "codename" varchar(100) NOT NULL, UNIQUE ("content_type_id", "codename")); (params None)
DEBUG:django.db.backends.schema:CREATE TABLE "auth_group" ("id" integer NOT NULL PRIMARY KEY AUTOINCREMENT, "name" varchar(80) NOT NULL UNIQUE); (params None)
DEBUG:django.db.backends.schema:CREATE TABLE "auth_group_permissions" ("id" integer NOT NULL PRIMARY KEY AUTOINCREMENT, "group_id" integer NOT NULL REFERENCES "auth_group" ("id"), "permission_id" integer NOT NULL REFERENCES "auth_permission" ("id"), UNIQUE ("group_id", "permission_id")); (params None)
DEBUG:django.db.backends.schema:CREATE TABLE "auth_user" ("id" integer NOT NULL PRIMARY KEY AUTOINCREMENT, "password" varchar(128) NOT NULL, "last_login" datetime NOT NULL, "is_superuser" bool NOT NULL, "username" varchar(30) NOT NULL UNIQUE, "first_name" varchar(30) NOT NULL, "last_name" varchar(30) NOT NULL, "email" varchar(75) NOT NULL, "is_staff" bool NOT NULL, "is_active" bool NOT NULL, "date_joined" datetime NOT NULL); (params None)
DEBUG:django.db.backends.schema:CREATE TABLE "auth_user_groups" ("id" integer NOT NULL PRIMARY KEY AUTOINCREMENT, "user_id" integer NOT NULL REFERENCES "auth_user" ("id"), "group_id" integer NOT NULL REFERENCES "auth_group" ("id"), UNIQUE ("user_id", "group_id")); (params None)
DEBUG:django.db.backends.schema:CREATE TABLE "auth_user_user_permissions" ("id" integer NOT NULL PRIMARY KEY AUTOINCREMENT, "user_id" integer NOT NULL REFERENCES "auth_user" ("id"), "permission_id" integer NOT NULL REFERENCES "auth_permission" ("id"), UNIQUE ("user_id", "permission_id")); (params None)
DEBUG:django.db.backends.schema:CREATE INDEX "auth_permission_417f1b1c" ON "auth_permission" ("content_type_id"); (params [])
DEBUG:django.db.backends.schema:CREATE INDEX "auth_group_permissions_0e939a4f" ON "auth_group_permissions" ("group_id"); (params [])
DEBUG:django.db.backends.schema:CREATE INDEX "auth_group_permissions_8373b171" ON "auth_group_permissions" ("permission_id"); (params [])
DEBUG:django.db.backends.schema:CREATE INDEX "auth_user_groups_e8701ad4" ON "auth_user_groups" ("user_id"); (params [])
DEBUG:django.db.backends.schema:CREATE INDEX "auth_user_groups_0e939a4f" ON "auth_user_groups" ("group_id"); (params [])
DEBUG:django.db.backends.schema:CREATE INDEX "auth_user_user_permissions_e8701ad4" ON "auth_user_user_permissions" ("user_id"); (params [])
DEBUG:django.db.backends.schema:CREATE INDEX "auth_user_user_permissions_8373b171" ON "auth_user_user_permissions" ("permission_id"); (params [])
DEBUG:django.db.backends.schema:CREATE TABLE "django_admin_log" ("id" integer NOT NULL PRIMARY KEY AUTOINCREMENT, "action_time" datetime NOT NULL, "object_id" text NULL, "object_repr" varchar(200) NOT NULL, "action_flag" smallint unsigned NOT NULL, "change_message" text NOT NULL, "content_type_id" integer NULL REFERENCES "django_content_type" ("id"), "user_id" integer NOT NULL REFERENCES "auth_user" ("id")); (params None)
DEBUG:django.db.backends.schema:CREATE INDEX "django_admin_log_417f1b1c" ON "django_admin_log" ("content_type_id"); (params [])
DEBUG:django.db.backends.schema:CREATE INDEX "django_admin_log_e8701ad4" ON "django_admin_log" ("user_id"); (params [])
DEBUG:django.db.backends.schema:CREATE TABLE "django_content_type__new" ("id" integer NOT NULL PRIMARY KEY AUTOINCREMENT, "app_label" varchar(100) NOT NULL, "model" varchar(100) NOT NULL, "name" varchar(100) NULL, UNIQUE ("app_label", "model")); (params None)
DEBUG:django.db.backends.schema:INSERT INTO "django_content_type__new" ("model", "app_label", "id", "name") SELECT "model", "app_label", "id", "name" FROM "django_content_type"; (params [])
DEBUG:django.db.backends.schema:DROP TABLE "django_content_type"; (params [])
DEBUG:django.db.backends.schema:ALTER TABLE "django_content_type__new" RENAME TO "django_content_type"; (params [])
DEBUG:django.db.backends.schema:CREATE TABLE "django_content_type__new" ("id" integer NOT NULL PRIMARY KEY AUTOINCREMENT, "app_label" varchar(100) NOT NULL, "model" varchar(100) NOT NULL, UNIQUE ("app_label", "model")); (params None)
DEBUG:django.db.backends.schema:INSERT INTO "django_content_type__new" ("model", "app_label", "id") SELECT "model", "app_label", "id" FROM "django_content_type"; (params [])
DEBUG:django.db.backends.schema:DROP TABLE "django_content_type"; (params [])
DEBUG:django.db.backends.schema:ALTER TABLE "django_content_type__new" RENAME TO "django_content_type"; (params [])
DEBUG:django.db.backends.schema:CREATE TABLE "auth_permission__new" ("id" integer NOT NULL PRIMARY KEY AUTOINCREMENT, "content_type_id" integer NOT NULL REFERENCES "django_content_type" ("id"), "codename" varchar(100) NOT NULL, "name" varchar(255) NOT NULL, UNIQUE ("content_type_id", "codename")); (params None)
DEBUG:django.db.backends.schema:INSERT INTO "auth_permission__new" ("content_type_id", "codename", "id", "name") SELECT "content_type_id", "codename", "id", "name" FROM "auth_permission"; (params [])
DEBUG:django.db.backends.schema:DROP TABLE "auth_permission"; (params [])
DEBUG:django.db.backends.schema:ALTER TABLE "auth_permission__new" RENAME TO "auth_permission"; (params [])
DEBUG:django.db.backends.schema:CREATE INDEX "auth_permission_417f1b1c" ON "auth_permission" ("content_type_id"); (params [])
DEBUG:django.db.backends.schema:CREATE TABLE "auth_user__new" ("id" integer NOT NULL PRIMARY KEY AUTOINCREMENT, "password" varchar(128) NOT NULL, "last_login" datetime NOT NULL, "is_superuser" bool NOT NULL, "username" varchar(30) NOT NULL UNIQUE, "first_name" varchar(30) NOT NULL, "last_name" varchar(30) NOT NULL, "is_staff" bool NOT NULL, "is_active" bool NOT NULL, "date_joined" datetime NOT NULL, "email" varchar(254) NOT NULL); (params None)
DEBUG:django.db.backends.schema:INSERT INTO "auth_user__new" ("username", "first_name", "last_name", "is_active", "email", "is_superuser", "is_staff", "last_login", "password", "id", "date_joined") SELECT "username", "first_name", "last_name", "is_active", "email", "is_superuser", "is_staff", "last_login", "password", "id", "date_joined" FROM "auth_user"; (params [])
DEBUG:django.db.backends.schema:DROP TABLE "auth_user"; (params [])
DEBUG:django.db.backends.schema:ALTER TABLE "auth_user__new" RENAME TO "auth_user"; (params [])
DEBUG:django.db.backends.schema:CREATE TABLE "auth_user__new" ("id" integer NOT NULL PRIMARY KEY AUTOINCREMENT, "password" varchar(128) NOT NULL, "last_login" datetime NOT NULL, "is_superuser" bool NOT NULL, "first_name" varchar(30) NOT NULL, "last_name" varchar(30) NOT NULL, "email" varchar(254) NOT NULL, "is_staff" bool NOT NULL, "is_active" bool NOT NULL, "date_joined" datetime NOT NULL, "username" varchar(30) NOT NULL UNIQUE); (params None)
DEBUG:django.db.backends.schema:INSERT INTO "auth_user__new" ("username", "first_name", "last_name", "is_active", "email", "is_superuser", "is_staff", "last_login", "password", "id", "date_joined") SELECT "username", "first_name", "last_name", "is_active", "email", "is_superuser", "is_staff", "last_login", "password", "id", "date_joined" FROM "auth_user"; (params [])
DEBUG:django.db.backends.schema:DROP TABLE "auth_user"; (params [])
DEBUG:django.db.backends.schema:ALTER TABLE "auth_user__new" RENAME TO "auth_user"; (params [])
DEBUG:django.db.backends.schema:CREATE TABLE "auth_user__new" ("id" integer NOT NULL PRIMARY KEY AUTOINCREMENT, "password" varchar(128) NOT NULL, "is_superuser" bool NOT NULL, "username" varchar(30) NOT NULL UNIQUE, "first_name" varchar(30) NOT NULL, "last_name" varchar(30) NOT NULL, "email" varchar(254) NOT NULL, "is_staff" bool NOT NULL, "is_active" bool NOT NULL, "date_joined" datetime NOT NULL, "last_login" datetime NULL); (params None)
DEBUG:django.db.backends.schema:INSERT INTO "auth_user__new" ("username", "first_name", "last_name", "is_active", "email", "is_superuser", "is_staff", "last_login", "password", "id", "date_joined") SELECT "username", "first_name", "last_name", "is_active", "email", "is_superuser", "is_staff", "last_login", "password", "id", "date_joined" FROM "auth_user"; (params [])
DEBUG:django.db.backends.schema:DROP TABLE "auth_user"; (params [])
DEBUG:django.db.backends.schema:ALTER TABLE "auth_user__new" RENAME TO "auth_user"; (params [])
DEBUG:django.db.backends.schema:CREATE TABLE "lists_item" ("id" integer NOT NULL PRIMARY KEY AUTOINCREMENT); (params None)
DEBUG:django.db.backends.schema:CREATE TABLE "lists_item__new" ("id" integer NOT NULL PRIMARY KEY AUTOINCREMENT, "text" text NOT NULL); (params None)
DEBUG:django.db.backends.schema:INSERT INTO "lists_item__new" ("text", "id") SELECT '', "id" FROM "lists_item"; (params [])
DEBUG:django.db.backends.schema:DROP TABLE "lists_item"; (params [])
DEBUG:django.db.backends.schema:ALTER TABLE "lists_item__new" RENAME TO "lists_item"; (params [])
DEBUG:django.db.backends.schema:CREATE TABLE "lists_list" ("id" integer NOT NULL PRIMARY KEY AUTOINCREMENT); (params None)
DEBUG:django.db.backends.schema:CREATE TABLE "lists_item__new" ("id" integer NOT NULL PRIMARY KEY AUTOINCREMENT, "text" text NOT NULL, "list" text NOT NULL); (params None)
DEBUG:django.db.backends.schema:INSERT INTO "lists_item__new" ("text", "list", "id") SELECT "text", '', "id" FROM "lists_item"; (params [])
DEBUG:django.db.backends.schema:DROP TABLE "lists_item"; (params [])
DEBUG:django.db.backends.schema:ALTER TABLE "lists_item__new" RENAME TO "lists_item"; (params [])
DEBUG:django.db.backends.schema:CREATE TABLE "lists_item__new" ("id" integer NOT NULL PRIMARY KEY AUTOINCREMENT, "text" text NOT NULL, "list_id" integer NOT NULL REFERENCES "lists_list" ("id")); (params None)
DEBUG:django.db.backends.schema:INSERT INTO "lists_item__new" ("text", "id", "list_id") SELECT "text", "id", "list" FROM "lists_item"; (params [])
DEBUG:django.db.backends.schema:DROP TABLE "lists_item"; (params [])
DEBUG:django.db.backends.schema:ALTER TABLE "lists_item__new" RENAME TO "lists_item"; (params [])
DEBUG:django.db.backends.schema:CREATE INDEX "lists_item_4da3e820" ON "lists_item" ("list_id"); (params [])
DEBUG:django.db.backends.schema:CREATE TABLE "django_session" ("session_key" varchar(40) NOT NULL PRIMARY KEY, "session_data" text NOT NULL, "expire_date" datetime NOT NULL); (params None)
DEBUG:django.db.backends.schema:CREATE INDEX "django_session_de54fa62" ON "django_session" ("expire_date"); (params [])
DEBUG:selenium.webdriver.remote.remote_connection:POST http://127.0.0.1:53699/hub/session {"desiredCapabilities": {"platform": "ANY", "browserName": "firefox", "version": "", "javascriptEnabled": true}}
DEBUG:selenium.webdriver.remote.remote_connection:Finished Request
DEBUG:selenium.webdriver.remote.remote_connection:POST http://127.0.0.1:53699/hub/session/b50f0f5f-25bf-41e1-af0f-3cdd03c56d61/timeouts/implicit_wait {"sessionId": "b50f0f5f-25bf-41e1-af0f-3cdd03c56d61", "ms": 2000.0}
DEBUG:selenium.webdriver.remote.remote_connection:Finished Request
DEBUG:selenium.webdriver.remote.remote_connection:POST http://127.0.0.1:53699/hub/session/b50f0f5f-25bf-41e1-af0f-3cdd03c56d61/url {"url": "http://localhost:8080", "sessionId": "b50f0f5f-25bf-41e1-af0f-3cdd03c56d61"}
DEBUG:selenium.webdriver.remote.remote_connection:Finished Request
DEBUG:selenium.webdriver.remote.remote_connection:GET http://127.0.0.1:53699/hub/session/b50f0f5f-25bf-41e1-af0f-3cdd03c56d61/title {"sessionId": "b50f0f5f-25bf-41e1-af0f-3cdd03c56d61"}
DEBUG:selenium.webdriver.remote.remote_connection:Finished Request
DEBUG:selenium.webdriver.remote.remote_connection:POST http://127.0.0.1:53699/hub/session/b50f0f5f-25bf-41e1-af0f-3cdd03c56d61/element {"using": "tag name", "sessionId": "b50f0f5f-25bf-41e1-af0f-3cdd03c56d61", "value": "h1"}
DEBUG:selenium.webdriver.remote.remote_connection:Finished Request
DEBUG:selenium.webdriver.remote.remote_connection:GET http://127.0.0.1:53699/hub/session/b50f0f5f-25bf-41e1-af0f-3cdd03c56d61/element/{ee14fa48-7fee-43c1-bfb0-db190ba54a36}/text {"sessionId": "b50f0f5f-25bf-41e1-af0f-3cdd03c56d61", "id": "{ee14fa48-7fee-43c1-bfb0-db190ba54a36}"}
DEBUG:selenium.webdriver.remote.remote_connection:Finished Request
DEBUG:selenium.webdriver.remote.remote_connection:POST http://127.0.0.1:53699/hub/session/b50f0f5f-25bf-41e1-af0f-3cdd03c56d61/element {"using": "id", "sessionId": "b50f0f5f-25bf-41e1-af0f-3cdd03c56d61", "value": "id_new_item"}
DEBUG:selenium.webdriver.remote.remote_connection:Finished Request
DEBUG:selenium.webdriver.remote.remote_connection:GET http://127.0.0.1:53699/hub/session/b50f0f5f-25bf-41e1-af0f-3cdd03c56d61/element/{f5cbc3a8-29d5-4143-b078-3bba18c845c7}/attribute/placeholder {"sessionId": "b50f0f5f-25bf-41e1-af0f-3cdd03c56d61", "name": "placeholder", "id": "{f5cbc3a8-29d5-4143-b078-3bba18c845c7}"}
DEBUG:selenium.webdriver.remote.remote_connection:Finished Request
DEBUG:selenium.webdriver.remote.remote_connection:POST http://127.0.0.1:53699/hub/session/b50f0f5f-25bf-41e1-af0f-3cdd03c56d61/element/{f5cbc3a8-29d5-4143-b078-3bba18c845c7}/value {"sessionId": "b50f0f5f-25bf-41e1-af0f-3cdd03c56d61", "id": "{f5cbc3a8-29d5-4143-b078-3bba18c845c7}", "value": ["B", "u", "y", " ", "p", "e", "a", "c", "o", "c", "k", " ", "f", "e", "a", "t", "h", "e", "r", "s"]}
DEBUG:selenium.webdriver.remote.remote_connection:Finished Request
DEBUG:selenium.webdriver.remote.remote_connection:POST http://127.0.0.1:53699/hub/session/b50f0f5f-25bf-41e1-af0f-3cdd03c56d61/element/{f5cbc3a8-29d5-4143-b078-3bba18c845c7}/value {"sessionId": "b50f0f5f-25bf-41e1-af0f-3cdd03c56d61", "id": "{f5cbc3a8-29d5-4143-b078-3bba18c845c7}", "value": ["\ue006"]}
DEBUG:selenium.webdriver.remote.remote_connection:Finished Request
DEBUG:selenium.webdriver.remote.remote_connection:GET http://127.0.0.1:53699/hub/session/b50f0f5f-25bf-41e1-af0f-3cdd03c56d61/url {"sessionId": "b50f0f5f-25bf-41e1-af0f-3cdd03c56d61"}
DEBUG:selenium.webdriver.remote.remote_connection:Finished Request
DEBUG:selenium.webdriver.remote.remote_connection:POST http://127.0.0.1:53699/hub/session/b50f0f5f-25bf-41e1-af0f-3cdd03c56d61/element {"using": "id", "sessionId": "b50f0f5f-25bf-41e1-af0f-3cdd03c56d61", "value": "id_list_table"}
DEBUG:selenium.webdriver.remote.remote_connection:Finished Request
DEBUG:selenium.webdriver.remote.remote_connection:POST http://127.0.0.1:53699/hub/session/b50f0f5f-25bf-41e1-af0f-3cdd03c56d61/element/{fe9015f2-dad2-4fbb-a619-1c298156240c}/elements {"using": "tag name", "sessionId": "b50f0f5f-25bf-41e1-af0f-3cdd03c56d61", "id": "{fe9015f2-dad2-4fbb-a619-1c298156240c}", "value": "tr"}
DEBUG:selenium.webdriver.remote.remote_connection:Finished Request
DEBUG:selenium.webdriver.remote.remote_connection:GET http://127.0.0.1:53699/hub/session/b50f0f5f-25bf-41e1-af0f-3cdd03c56d61/element/{3ceb7075-d7d4-4f5c-b05c-1ffc1b99ea6b}/text {"sessionId": "b50f0f5f-25bf-41e1-af0f-3cdd03c56d61", "id": "{3ceb7075-d7d4-4f5c-b05c-1ffc1b99ea6b}"}
DEBUG:selenium.webdriver.remote.remote_connection:Finished Request
DEBUG:selenium.webdriver.remote.remote_connection:POST http://127.0.0.1:53699/hub/session/b50f0f5f-25bf-41e1-af0f-3cdd03c56d61/element {"using": "id", "sessionId": "b50f0f5f-25bf-41e1-af0f-3cdd03c56d61", "value": "id_new_item"}
DEBUG:selenium.webdriver.remote.remote_connection:Finished Request
DEBUG:selenium.webdriver.remote.remote_connection:POST http://127.0.0.1:53699/hub/session/b50f0f5f-25bf-41e1-af0f-3cdd03c56d61/element/{3062c50a-419c-4daf-895d-98b36fed5961}/value {"sessionId": "b50f0f5f-25bf-41e1-af0f-3cdd03c56d61", "id": "{3062c50a-419c-4daf-895d-98b36fed5961}", "value": ["U", "s", "e", " ", "p", "e", "a", "c", "o", "c", "k", " ", "f", "e", "a", "t", "h", "e", "r", "s", " ", "t", "o", " ", "m", "a", "k", "e", " ", "a", " ", "f", "l", "y"]}
DEBUG:selenium.webdriver.remote.remote_connection:Finished Request
DEBUG:selenium.webdriver.remote.remote_connection:POST http://127.0.0.1:53699/hub/session/b50f0f5f-25bf-41e1-af0f-3cdd03c56d61/element/{3062c50a-419c-4daf-895d-98b36fed5961}/value {"sessionId": "b50f0f5f-25bf-41e1-af0f-3cdd03c56d61", "id": "{3062c50a-419c-4daf-895d-98b36fed5961}", "value": ["\ue006"]}
DEBUG:selenium.webdriver.remote.remote_connection:Finished Request
DEBUG:selenium.webdriver.remote.remote_connection:POST http://127.0.0.1:53699/hub/session/b50f0f5f-25bf-41e1-af0f-3cdd03c56d61/element {"using": "id", "sessionId": "b50f0f5f-25bf-41e1-af0f-3cdd03c56d61", "value": "id_list_table"}
DEBUG:selenium.webdriver.remote.remote_connection:Finished Request
DEBUG:selenium.webdriver.remote.remote_connection:POST http://127.0.0.1:53699/hub/session/b50f0f5f-25bf-41e1-af0f-3cdd03c56d61/element/{f83142ce-1fbb-4759-af1c-28bcf4f78044}/elements {"using": "tag name", "sessionId": "b50f0f5f-25bf-41e1-af0f-3cdd03c56d61", "id": "{f83142ce-1fbb-4759-af1c-28bcf4f78044}", "value": "tr"}
DEBUG:selenium.webdriver.remote.remote_connection:Finished Request
DEBUG:selenium.webdriver.remote.remote_connection:GET http://127.0.0.1:53699/hub/session/b50f0f5f-25bf-41e1-af0f-3cdd03c56d61/element/{2a8769aa-67ce-4384-b405-0fe133dea503}/text {"sessionId": "b50f0f5f-25bf-41e1-af0f-3cdd03c56d61", "id": "{2a8769aa-67ce-4384-b405-0fe133dea503}"}
DEBUG:selenium.webdriver.remote.remote_connection:Finished Request
DEBUG:selenium.webdriver.remote.remote_connection:GET http://127.0.0.1:53699/hub/session/b50f0f5f-25bf-41e1-af0f-3cdd03c56d61/element/{7267b417-9364-43d6-9038-cf45e4f56533}/text {"sessionId": "b50f0f5f-25bf-41e1-af0f-3cdd03c56d61", "id": "{7267b417-9364-43d6-9038-cf45e4f56533}"}
DEBUG:selenium.webdriver.remote.remote_connection:Finished Request
DEBUG:selenium.webdriver.remote.remote_connection:POST http://127.0.0.1:53699/hub/session/b50f0f5f-25bf-41e1-af0f-3cdd03c56d61/element {"using": "id", "sessionId": "b50f0f5f-25bf-41e1-af0f-3cdd03c56d61", "value": "id_list_table"}
DEBUG:selenium.webdriver.remote.remote_connection:Finished Request
DEBUG:selenium.webdriver.remote.remote_connection:POST http://127.0.0.1:53699/hub/session/b50f0f5f-25bf-41e1-af0f-3cdd03c56d61/element/{f83142ce-1fbb-4759-af1c-28bcf4f78044}/elements {"using": "tag name", "sessionId": "b50f0f5f-25bf-41e1-af0f-3cdd03c56d61", "id": "{f83142ce-1fbb-4759-af1c-28bcf4f78044}", "value": "tr"}
DEBUG:selenium.webdriver.remote.remote_connection:Finished Request
DEBUG:selenium.webdriver.remote.remote_connection:GET http://127.0.0.1:53699/hub/session/b50f0f5f-25bf-41e1-af0f-3cdd03c56d61/element/{2a8769aa-67ce-4384-b405-0fe133dea503}/text {"sessionId": "b50f0f5f-25bf-41e1-af0f-3cdd03c56d61", "id": "{2a8769aa-67ce-4384-b405-0fe133dea503}"}
DEBUG:selenium.webdriver.remote.remote_connection:Finished Request
DEBUG:selenium.webdriver.remote.remote_connection:GET http://127.0.0.1:53699/hub/session/b50f0f5f-25bf-41e1-af0f-3cdd03c56d61/element/{7267b417-9364-43d6-9038-cf45e4f56533}/text {"sessionId": "b50f0f5f-25bf-41e1-af0f-3cdd03c56d61", "id": "{7267b417-9364-43d6-9038-cf45e4f56533}"}
DEBUG:selenium.webdriver.remote.remote_connection:Finished Request
DEBUG:selenium.webdriver.remote.remote_connection:DELETE http://127.0.0.1:53699/hub/session/b50f0f5f-25bf-41e1-af0f-3cdd03c56d61 {"sessionId": "b50f0f5f-25bf-41e1-af0f-3cdd03c56d61"}
DEBUG:selenium.webdriver.remote.remote_connection:Finished Request
DEBUG:selenium.webdriver.remote.remote_connection:POST http://127.0.0.1:53750/hub/session {"desiredCapabilities": {"platform": "ANY", "browserName": "firefox", "version": "", "javascriptEnabled": true}}
DEBUG:selenium.webdriver.remote.remote_connection:Finished Request
DEBUG:selenium.webdriver.remote.remote_connection:POST http://127.0.0.1:53750/hub/session/54850cce-c9c9-4b50-ac6a-9a61ddde0f65/url {"url": "http://localhost:8080", "sessionId": "54850cce-c9c9-4b50-ac6a-9a61ddde0f65"}
DEBUG:selenium.webdriver.remote.remote_connection:Finished Request
DEBUG:selenium.webdriver.remote.remote_connection:POST http://127.0.0.1:53750/hub/session/54850cce-c9c9-4b50-ac6a-9a61ddde0f65/element {"using": "tag name", "sessionId": "54850cce-c9c9-4b50-ac6a-9a61ddde0f65", "value": "body"}
DEBUG:selenium.webdriver.remote.remote_connection:Finished Request
DEBUG:selenium.webdriver.remote.remote_connection:GET http://127.0.0.1:53750/hub/session/54850cce-c9c9-4b50-ac6a-9a61ddde0f65/element/{136ec2f5-fddb-41d2-b21a-e4e8f89c0a90}/text {"sessionId": "54850cce-c9c9-4b50-ac6a-9a61ddde0f65", "id": "{136ec2f5-fddb-41d2-b21a-e4e8f89c0a90}"}
DEBUG:selenium.webdriver.remote.remote_connection:Finished Request
DEBUG:selenium.webdriver.remote.remote_connection:POST http://127.0.0.1:53750/hub/session/54850cce-c9c9-4b50-ac6a-9a61ddde0f65/element {"using": "id", "sessionId": "54850cce-c9c9-4b50-ac6a-9a61ddde0f65", "value": "id_new_item"}
DEBUG:selenium.webdriver.remote.remote_connection:Finished Request
DEBUG:selenium.webdriver.remote.remote_connection:POST http://127.0.0.1:53750/hub/session/54850cce-c9c9-4b50-ac6a-9a61ddde0f65/element/{0a28c8a1-6b2b-4f2c-8acc-15910b0e15be}/value {"sessionId": "54850cce-c9c9-4b50-ac6a-9a61ddde0f65", "id": "{0a28c8a1-6b2b-4f2c-8acc-15910b0e15be}", "value": ["B", "u", "y", " ", "m", "i", "l", "k"]}
DEBUG:selenium.webdriver.remote.remote_connection:Finished Request
DEBUG:selenium.webdriver.remote.remote_connection:POST http://127.0.0.1:53750/hub/session/54850cce-c9c9-4b50-ac6a-9a61ddde0f65/element/{0a28c8a1-6b2b-4f2c-8acc-15910b0e15be}/value {"sessionId": "54850cce-c9c9-4b50-ac6a-9a61ddde0f65", "id": "{0a28c8a1-6b2b-4f2c-8acc-15910b0e15be}", "value": ["\ue007"]}
DEBUG:selenium.webdriver.remote.remote_connection:Finished Request
DEBUG:selenium.webdriver.remote.remote_connection:GET http://127.0.0.1:53750/hub/session/54850cce-c9c9-4b50-ac6a-9a61ddde0f65/url {"sessionId": "54850cce-c9c9-4b50-ac6a-9a61ddde0f65"}
DEBUG:selenium.webdriver.remote.remote_connection:Finished Request
DEBUG:selenium.webdriver.remote.remote_connection:POST http://127.0.0.1:53750/hub/session/54850cce-c9c9-4b50-ac6a-9a61ddde0f65/element {"using": "tag name", "sessionId": "54850cce-c9c9-4b50-ac6a-9a61ddde0f65", "value": "body"}
DEBUG:selenium.webdriver.remote.remote_connection:Finished Request
DEBUG:selenium.webdriver.remote.remote_connection:GET http://127.0.0.1:53750/hub/session/54850cce-c9c9-4b50-ac6a-9a61ddde0f65/element/{6f719cec-4233-4164-925d-c20ff526b679}/text {"sessionId": "54850cce-c9c9-4b50-ac6a-9a61ddde0f65", "id": "{6f719cec-4233-4164-925d-c20ff526b679}"}
DEBUG:selenium.webdriver.remote.remote_connection:Finished Request
DEBUG:selenium.webdriver.remote.remote_connection:DELETE http://127.0.0.1:53750/hub/session/54850cce-c9c9-4b50-ac6a-9a61ddde0f65 {"sessionId": "54850cce-c9c9-4b50-ac6a-9a61ddde0f65"}
DEBUG:selenium.webdriver.remote.remote_connection:Finished Request
